[ '"ê°€ê¹Œìš´ í–‰ë³µì„ ë§Œë‚˜ë‹¤ GS25',
  'GS25ì•„ì£¼ëŒ€ ì ',
  'í˜„ë¯¸',
  'ê²½ê¸° ìˆ˜ì›ì‹œ ì˜í†µêµ¬ ì•„ì£¼ë¡œ 46',
  '2018/06/03 ë°•*ìˆ˜',
  '031-212-0025',
  '1243653758',
  'NO: 29709',
  '*ì •ë¶€ë°©ì¹¨ì— ì˜í•´ êµí™˜/í™˜ë¶ˆì€',
  'ë°˜ë“œì‹œì—¼ìˆ˜ì¦ì„ì§€ì°¸í•˜ì…”ì•¼.í•˜ë©°,',
  'ì¹´ë“œê²°ì œëŠ” 30ì¼(07 03ì¼)ã€‚',
  'ì¹´ë“œì™€ ì—¼ìˆ˜ì¦˜ ì§€ì°¸ ì‹œ ê°€ëŠ¥í•©ë‹ˆë‹¤',
  'ë‚´',
  'ë°ìì™€ë°€í¬í‹°ìº”',
  '1 300',
  'í•©ê³„ìˆ˜ëŸ‰/ê¸ˆì•¡',
  '1',
  '1,300',
  'ê³¼ì„¸ ë§¤ì¶œ',
  'ë¶€ê°€ì„¸',
  'í•©',
  'ì‹ ìš© ì¹´ë“œ',
  '1, 182',
  '118',
  'ê³„',
  '1, 300',
  '1, 300',
  'ì¹´ë“œë²ˆí˜¸',
  'ì‚¬ìš©ê¸ˆì•¡',
  'ì‹ ìš©ì¹´ë“œ ì „í‘œ(ê³ ê°ìš©)',
  '5361-25**-',
  '-9308',
  '1.300ì›',
  'ë°œì¸ë²„ë¶€',
  '78(01 ì…ì‚¬ : ì‚¼ì„±ì¹´ë“œ)',
  'ìŠ¹ì¸ë²ˆí˜¸ 78991722.',
  '18/06/03 23:53:15-xx',
  '"' ]
gs25!
[35m[1mElasticsearch DEBUG[22m[39m: 2018-06-10T07:53:41Z
  starting request {
    "method": "POST",
    "path": "/gs/external/_search",
    "body": {
      "query": {
        "match": {
          "item_name": {
            "query": "ë°ìì™€ë°€í¬í‹°ìº”",
            "fuzziness": "AUTO"
          }
        }
      }
    },
    "query": {}
  }
  

[37m[1mElasticsearch TRACE[22m[39m: 2018-06-10T07:53:42Z
  -> POST http://52.14.15.140:9200/gs/external/_search
  {
    "query": {
      "match": {
        "item_name": {
          "query": "ë°ìì™€ë°€í¬í‹°ìº”",
          "fuzziness": "AUTO"
        }
      }
    }
  }
  <- 200
  {
    "took": 11,
    "timed_out": false,
    "_shards": {
      "total": 5,
      "successful": 5,
      "failed": 0
    },
    "hits": {
      "total": 1,
      "max_score": 0.30685282,
      "hits": [
        {
          "_index": "gs",
          "_type": "external",
          "_id": "AWPobORkRa2GpSbnkTHF",
          "_score": 0.30685282,
          "_source": {
            "item_name": "ë°ìì™€ë°€í¬í‹°ìº”",
            "price": 1300
          }
        }
      ]
    }
  }

[35m[1mElasticsearch DEBUG[22m[39m: 2018-06-10T07:53:42Z
  Request complete

start!!
info: [ { item: 'ë°ìì™€ë°€í¬í‹°ìº”', price: 1300 } ]
get item_ [ { item: 'ë°ìì™€ë°€í¬í‹°ìº”', price: 1300 } ]
get price: [ 1300 ]
res { success: true,
  shop: 'ê°€ê¹Œìš´ í–‰ë³µì„ ë§Œë‚˜ë‹¤ GS25',
  category: 'ì†Œë§¤',
  date: '2018/06/03',
  info: [ { item: 'ë°ìì™€ë°€í¬í‹°ìº”', price: 1300 } ],
  totalPrice: 1300 }
[35m[1mElasticsearch DEBUG[22m[39m: 2018-06-10T08:01:56Z
  starting request {
    "method": "POST",
    "path": "/gs/external/_search",
    "body": {
      "query": {
        "match": {
          "item_name": {
            "query": "ë°ìì™€ë°€í¬í‹°ìº”",
            "fuzziness": "AUTO"
          }
        }
      }
    },
    "query": {}
  }
  

[37m[1mElasticsearch TRACE[22m[39m: 2018-06-10T08:01:57Z
  -> POST http://52.14.15.140:9200/gs/external/_search
  {
    "query": {
      "match": {
        "item_name": {
          "query": "ë°ìì™€ë°€í¬í‹°ìº”",
          "fuzziness": "AUTO"
        }
      }
    }
  }
  <- 200
  {
    "took": 12,
    "timed_out": false,
    "_shards": {
      "total": 5,
      "successful": 5,
      "failed": 0
    },
    "hits": {
      "total": 1,
      "max_score": 0.30685282,
      "hits": [
        {
          "_index": "gs",
          "_type": "external",
          "_id": "AWPobORkRa2GpSbnkTHF",
          "_score": 0.30685282,
          "_source": {
            "item_name": "ë°ìì™€ë°€í¬í‹°ìº”",
            "price": 1300
          }
        }
      ]
    }
  }

[35m[1mElasticsearch DEBUG[22m[39m: 2018-06-10T08:01:57Z
  Request complete

